<?xml version="1.0" encoding="UTF-8" standalone="yes"?>
<testsuites time="0.064" tests="1" failures="0" errors="1">
    <testsuite tests="1" failures="0" errors="1" time="0.064" timestamp="2017-05-03T01:29:31">
        <properties>
[...]
</properties>
        <testcase name="GateModelTest" time="0.064" classname="hu.bme.mit.GarageGate.GateModelTest">
            <error type="java.lang.RuntimeException">
                java.lang.RuntimeException&#xD;
                	at hu.bme.mit.GarageGate.GarageGateLogic.closeGate(GarageGateLogic.java:53)&#xD;
                	at hu.bme.mit.GarageGate.GateModelTest.e_ReClose(GateModelTest.java:113)&#xD;
                	at jdk.nashorn.internal.scripts.Script$Recompilation$8$793$\^eval\_.e_ReClose(&lt;eval&gt;:1)&#xD;
                	at jdk.nashorn.internal.scripts.Script$7$\^eval\_.:program(&lt;eval&gt;:1)&#xD;
                	at jdk.nashorn.internal.runtime.ScriptFunctionData.invoke(ScriptFunctionData.java:637)&#xD;
                	at jdk.nashorn.internal.runtime.ScriptFunction.invoke(ScriptFunction.java:494)&#xD;
                	at jdk.nashorn.internal.runtime.ScriptRuntime.apply(ScriptRuntime.java:393)&#xD;
                	at jdk.nashorn.api.scripting.NashornScriptEngine.evalImpl(NashornScriptEngine.java:449)&#xD;
                	at jdk.nashorn.api.scripting.NashornScriptEngine.evalImpl(NashornScriptEngine.java:406)&#xD;
                	at jdk.nashorn.api.scripting.NashornScriptEngine.evalImpl(NashornScriptEngine.java:402)&#xD;
                	at jdk.nashorn.api.scripting.NashornScriptEngine.eval(NashornScriptEngine.java:155)&#xD;
                	at javax.script.AbstractScriptEngine.eval(AbstractScriptEngine.java:264)&#xD;
                	at org.graphwalker.core.machine.ExecutionContext.execute(ExecutionContext.java:300)&#xD;
                	at org.graphwalker.core.machine.SimpleMachine.execute(SimpleMachine.java:278)&#xD;
                	at org.graphwalker.core.machine.SimpleMachine.execute(SimpleMachine.java:267)&#xD;
                	at org.graphwalker.core.machine.SimpleMachine.getNextStep(SimpleMachine.java:105)&#xD;
                	at org.graphwalker.java.test.TestExecutor.execute(TestExecutor.java:199)&#xD;
                	at sun.reflect.NativeMethodAccessorImpl.invoke0(Native Method)&#xD;
                	at sun.reflect.NativeMethodAccessorImpl.invoke(NativeMethodAccessorImpl.java:62)&#xD;
                	at sun.reflect.DelegatingMethodAccessorImpl.invoke(DelegatingMethodAccessorImpl.java:43)&#xD;
                	at java.lang.reflect.Method.invoke(Method.java:498)&#xD;
                	at org.graphwalker.java.test.Reflections.invoke(Reflections.java:74)&#xD;
                	at org.graphwalker.java.test.Reflector.execute(Reflector.java:125)&#xD;
                	at org.graphwalker.maven.plugin.TestMojo.execute(TestMojo.java:153)&#xD;
                	at org.apache.maven.plugin.DefaultBuildPluginManager.executeMojo(DefaultBuildPluginManager.java:134)&#xD;
                	at org.apache.maven.lifecycle.internal.MojoExecutor.execute(MojoExecutor.java:207)&#xD;
                	at org.apache.maven.lifecycle.internal.MojoExecutor.execute(MojoExecutor.java:153)&#xD;
                	at org.apache.maven.lifecycle.internal.MojoExecutor.execute(MojoExecutor.java:145)&#xD;
                	at org.apache.maven.lifecycle.internal.LifecycleModuleBuilder.buildProject(LifecycleModuleBuilder.java:116)&#xD;
                	at org.apache.maven.lifecycle.internal.LifecycleModuleBuilder.buildProject(LifecycleModuleBuilder.java:80)&#xD;
                	at org.apache.maven.lifecycle.internal.builder.singlethreaded.SingleThreadedBuilder.build(SingleThreadedBuilder.java:51)&#xD;
                	at org.apache.maven.lifecycle.internal.LifecycleStarter.execute(LifecycleStarter.java:128)&#xD;
                	at org.apache.maven.DefaultMaven.doExecute(DefaultMaven.java:307)&#xD;
                	at org.apache.maven.DefaultMaven.doExecute(DefaultMaven.java:193)&#xD;
                	at org.apache.maven.DefaultMaven.execute(DefaultMaven.java:106)&#xD;
                	at org.apache.maven.cli.MavenCli.execute(MavenCli.java:863)&#xD;
                	at org.apache.maven.cli.MavenCli.doMain(MavenCli.java:288)&#xD;
                	at org.apache.maven.cli.MavenCli.main(MavenCli.java:199)&#xD;
                	at sun.reflect.NativeMethodAccessorImpl.invoke0(Native Method)&#xD;
                	at sun.reflect.NativeMethodAccessorImpl.invoke(NativeMethodAccessorImpl.java:62)&#xD;
                	at sun.reflect.DelegatingMethodAccessorImpl.invoke(DelegatingMethodAccessorImpl.java:43)&#xD;
                	at java.lang.reflect.Method.invoke(Method.java:498)&#xD;
                	at org.codehaus.plexus.classworlds.launcher.Launcher.launchEnhanced(Launcher.java:289)&#xD;
                	at org.codehaus.plexus.classworlds.launcher.Launcher.launch(Launcher.java:229)&#xD;
                	at org.codehaus.plexus.classworlds.launcher.Launcher.mainWithExitCode(Launcher.java:415)&#xD;
                	at org.codehaus.plexus.classworlds.launcher.Launcher.main(Launcher.java:356)&#xD;
</error>
        </testcase>
    </testsuite>
</testsuites>
