<?xml version="1.0" encoding="UTF-8" standalone="yes"?>
<testsuites time="0.414" tests="2" failures="0" errors="1">
    <testsuite tests="2" failures="0" errors="1" time="0.414" timestamp="2016-12-04T12:11:33">
        <properties>
[...]
</properties>
        <testcase name="LightingModelTest" time="0.207" classname="hu.bme.mit.GarageGate.LightingModelTest"/>
        <testcase name="GateModelTest" time="0.207" classname="hu.bme.mit.GarageGate.GateModelTest">
            <error type="org.graphwalker.core.machine.MachineException" message="javax.script.ScriptException: ReferenceError: &quot;remoteController&quot; is not defined in &lt;eval&gt; at line number 1">
                org.graphwalker.core.machine.MachineException: javax.script.ScriptException: ReferenceError: "remoteController" is not defined in &lt;eval&gt; at line number 1&#xD;
                	at org.graphwalker.core.machine.ExecutionContext.isAvailable(ExecutionContext.java:280)&#xD;
                	at org.graphwalker.core.machine.ExecutionContext.filter(ExecutionContext.java:262)&#xD;
                	at org.graphwalker.core.generator.RandomPath.getNextStep(RandomPath.java:66)&#xD;
                	at org.graphwalker.core.machine.SimpleMachine.getNextStep(SimpleMachine.java:130)&#xD;
                	at org.graphwalker.core.machine.SimpleMachine.takeNextStep(SimpleMachine.java:189)&#xD;
                	at org.graphwalker.core.machine.SimpleMachine.walk(SimpleMachine.java:140)&#xD;
                	at org.graphwalker.core.machine.SimpleMachine.getNextStep(SimpleMachine.java:102)&#xD;
                	at org.graphwalker.java.test.TestExecutor.execute(TestExecutor.java:199)&#xD;
                	at sun.reflect.NativeMethodAccessorImpl.invoke0(Native Method)&#xD;
                	at sun.reflect.NativeMethodAccessorImpl.invoke(NativeMethodAccessorImpl.java:62)&#xD;
                	at sun.reflect.DelegatingMethodAccessorImpl.invoke(DelegatingMethodAccessorImpl.java:43)&#xD;
                	at java.lang.reflect.Method.invoke(Method.java:497)&#xD;
                	at org.graphwalker.java.test.Reflections.invoke(Reflections.java:74)&#xD;
                	at org.graphwalker.java.test.Reflector.execute(Reflector.java:125)&#xD;
                	at org.graphwalker.maven.plugin.TestMojo.execute(TestMojo.java:153)&#xD;
                	at org.apache.maven.plugin.DefaultBuildPluginManager.executeMojo(DefaultBuildPluginManager.java:134)&#xD;
                	at org.apache.maven.lifecycle.internal.MojoExecutor.execute(MojoExecutor.java:207)&#xD;
                	at org.apache.maven.lifecycle.internal.MojoExecutor.execute(MojoExecutor.java:153)&#xD;
                	at org.apache.maven.lifecycle.internal.MojoExecutor.execute(MojoExecutor.java:145)&#xD;
                	at org.apache.maven.lifecycle.internal.LifecycleModuleBuilder.buildProject(LifecycleModuleBuilder.java:116)&#xD;
                	at org.apache.maven.lifecycle.internal.LifecycleModuleBuilder.buildProject(LifecycleModuleBuilder.java:80)&#xD;
                	at org.apache.maven.lifecycle.internal.builder.singlethreaded.SingleThreadedBuilder.build(SingleThreadedBuilder.java:51)&#xD;
                	at org.apache.maven.lifecycle.internal.LifecycleStarter.execute(LifecycleStarter.java:128)&#xD;
                	at org.apache.maven.DefaultMaven.doExecute(DefaultMaven.java:307)&#xD;
                	at org.apache.maven.DefaultMaven.doExecute(DefaultMaven.java:193)&#xD;
                	at org.apache.maven.DefaultMaven.execute(DefaultMaven.java:106)&#xD;
                	at org.apache.maven.cli.MavenCli.execute(MavenCli.java:863)&#xD;
                	at org.apache.maven.cli.MavenCli.doMain(MavenCli.java:288)&#xD;
                	at org.apache.maven.cli.MavenCli.main(MavenCli.java:199)&#xD;
                	at sun.reflect.NativeMethodAccessorImpl.invoke0(Native Method)&#xD;
                	at sun.reflect.NativeMethodAccessorImpl.invoke(NativeMethodAccessorImpl.java:62)&#xD;
                	at sun.reflect.DelegatingMethodAccessorImpl.invoke(DelegatingMethodAccessorImpl.java:43)&#xD;
                	at java.lang.reflect.Method.invoke(Method.java:497)&#xD;
                	at org.codehaus.plexus.classworlds.launcher.Launcher.launchEnhanced(Launcher.java:289)&#xD;
                	at org.codehaus.plexus.classworlds.launcher.Launcher.launch(Launcher.java:229)&#xD;
                	at org.codehaus.plexus.classworlds.launcher.Launcher.mainWithExitCode(Launcher.java:415)&#xD;
                	at org.codehaus.plexus.classworlds.launcher.Launcher.main(Launcher.java:356)&#xD;
                Caused by: javax.script.ScriptException: ReferenceError: "remoteController" is not defined in &lt;eval&gt; at line number 1&#xD;
                	at jdk.nashorn.api.scripting.NashornScriptEngine.throwAsScriptException(NashornScriptEngine.java:467)&#xD;
                	at jdk.nashorn.api.scripting.NashornScriptEngine.evalImpl(NashornScriptEngine.java:451)&#xD;
                	at jdk.nashorn.api.scripting.NashornScriptEngine.evalImpl(NashornScriptEngine.java:403)&#xD;
                	at jdk.nashorn.api.scripting.NashornScriptEngine.evalImpl(NashornScriptEngine.java:399)&#xD;
                	at jdk.nashorn.api.scripting.NashornScriptEngine.eval(NashornScriptEngine.java:155)&#xD;
                	at javax.script.AbstractScriptEngine.eval(AbstractScriptEngine.java:264)&#xD;
                	at org.graphwalker.core.machine.ExecutionContext.isAvailable(ExecutionContext.java:277)&#xD;
                	... 36 more&#xD;
                Caused by: &lt;eval&gt;:1 ReferenceError: "remoteController" is not defined&#xD;
                	at jdk.nashorn.internal.runtime.ECMAErrors.error(ECMAErrors.java:57)&#xD;
                	at jdk.nashorn.internal.runtime.ECMAErrors.referenceError(ECMAErrors.java:319)&#xD;
                	at jdk.nashorn.internal.runtime.ECMAErrors.referenceError(ECMAErrors.java:291)&#xD;
                	at jdk.nashorn.internal.objects.Global.__noSuchProperty__(Global.java:1432)&#xD;
                	at jdk.nashorn.internal.scripts.Script$32$\^eval\_.:program(&lt;eval&gt;:1)&#xD;
                	at jdk.nashorn.internal.runtime.ScriptFunctionData.invoke(ScriptFunctionData.java:640)&#xD;
                	at jdk.nashorn.internal.runtime.ScriptFunction.invoke(ScriptFunction.java:228)&#xD;
                	at jdk.nashorn.internal.runtime.ScriptRuntime.apply(ScriptRuntime.java:393)&#xD;
                	at jdk.nashorn.api.scripting.NashornScriptEngine.evalImpl(NashornScriptEngine.java:446)&#xD;
                	... 41 more&#xD;
</error>
        </testcase>
    </testsuite>
</testsuites>
